# JRE version: OpenJDK Runtime Environment Temurin-21.0.6+7 (21.0.6+7) (build 21.0.6+7-LTS)
# Java VM: OpenJDK 64-Bit Server VM Temurin-21.0.6+7 (21.0.6+7-LTS, mixed mode, sharing, tiered, compressed oops, compressed class ptrs, parallel gc, windows-amd64)
GC Precious Log:
 CardTable entry size: 512
 CPUs: 16 total, 16 available
 Memory: 31894M
 Large Page Support: Disabled
 NUMA Support: Disabled
 Compressed Oops: Enabled (32-bit)
 Alignments: Space 512K, Generation 512K, Heap 2M
 Heap Min Capacity: 100M
 Heap Initial Capacity: 100M
 Heap Max Capacity: 1G
 Pre-touch: Disabled
 Parallel Workers: 13
Heap:
 PSYoungGen      total 3072K, used 416K [0x00000000eab00000, 0x00000000eb080000, 0x0000000100000000)
  eden space 2560K, 0% used [0x00000000eab00000,0x00000000eab00000,0x00000000ead80000)
  from space 512K, 81% used [0x00000000eb000000,0x00000000eb068000,0x00000000eb080000)
  to   space 1536K, 0% used [0x00000000ead80000,0x00000000ead80000,0x00000000eaf00000)
 ParOldGen       total 491008K, used 490903K [0x00000000c0000000, 0x00000000ddf80000, 0x00000000eab00000)
  object space 491008K, 99% used [0x00000000c0000000,0x00000000ddf65cc0,0x00000000ddf80000)
 Metaspace       used 92792K, committed 94528K, reserved 1179648K
  class space    used 10088K, committed 10880K, reserved 1048576K
GC Heap History (20 events):
Event: 146020.002 GC heap after
{Heap after GC invocations=1412 (full 4):
 PSYoungGen      total 3072K, used 512K [0x00000000eab00000, 0x00000000eaf80000, 0x0000000100000000)
  eden space 2560K, 0% used [0x00000000eab00000,0x00000000eab00000,0x00000000ead80000)
  from space 512K, 100% used [0x00000000eae00000,0x00000000eae80000,0x00000000eae80000)
  to   space 1024K, 0% used [0x00000000eae80000,0x00000000eae80000,0x00000000eaf80000)
 ParOldGen       total 487936K, used 487806K [0x00000000c0000000, 0x00000000ddc80000, 0x00000000eab00000)
  object space 487936K, 99% used [0x00000000c0000000,0x00000000ddc5f980,0x00000000ddc80000)
 Metaspace       used 92729K, committed 94464K, reserved 1179648K
  class space    used 10088K, committed 10880K, reserved 1048576K
}
Event: 146020.007 GC heap before
{Heap before GC invocations=1413 (full 4):
 PSYoungGen      total 3072K, used 3072K [0x00000000eab00000, 0x00000000eaf80000, 0x0000000100000000)
  eden space 2560K, 100% used [0x00000000eab00000,0x00000000ead80000,0x00000000ead80000)
  from space 512K, 100% used [0x00000000eae00000,0x00000000eae80000,0x00000000eae80000)
  to   space 1024K, 0% used [0x00000000eae80000,0x00000000eae80000,0x00000000eaf80000)
 ParOldGen       total 487936K, used 487806K [0x00000000c0000000, 0x00000000ddc80000, 0x00000000eab00000)
  object space 487936K, 99% used [0x00000000c0000000,0x00000000ddc5f980,0x00000000ddc80000)
 Metaspace       used 92750K, committed 94528K, reserved 1179648K
  class space    used 10088K, committed 10880K, reserved 1048576K
}
Event: 146020.007 GC heap after
{Heap after GC invocations=1413 (full 4):
 PSYoungGen      total 3584K, used 800K [0x00000000eab00000, 0x00000000eaf80000, 0x0000000100000000)
  eden space 2560K, 0% used [0x00000000eab00000,0x00000000eab00000,0x00000000ead80000)
  from space 1024K, 78% used [0x00000000eae80000,0x00000000eaf48000,0x00000000eaf80000)
  to   space 1024K, 0% used [0x00000000ead80000,0x00000000ead80000,0x00000000eae80000)
 ParOldGen       total 487936K, used 487924K [0x00000000c0000000, 0x00000000ddc80000, 0x00000000eab00000)
  object space 487936K, 99% used [0x00000000c0000000,0x00000000ddc7d110,0x00000000ddc80000)
 Metaspace       used 92750K, committed 94528K, reserved 1179648K
  class space    used 10088K, committed 10880K, reserved 1048576K
}
Event: 146020.236 GC heap before
{Heap before GC invocations=1414 (full 4):
 PSYoungGen      total 3584K, used 3360K [0x00000000eab00000, 0x00000000eaf80000, 0x0000000100000000)
  eden space 2560K, 100% used [0x00000000eab00000,0x00000000ead80000,0x00000000ead80000)
  from space 1024K, 78% used [0x00000000eae80000,0x00000000eaf48000,0x00000000eaf80000)
  to   space 1024K, 0% used [0x00000000ead80000,0x00000000ead80000,0x00000000eae80000)
 ParOldGen       total 487936K, used 487924K [0x00000000c0000000, 0x00000000ddc80000, 0x00000000eab00000)
  object space 487936K, 99% used [0x00000000c0000000,0x00000000ddc7d110,0x00000000ddc80000)
 Metaspace       used 92755K, committed 94528K, reserved 1179648K
  class space    used 10088K, committed 10880K, reserved 1048576K
}
Event: 146020.236 GC heap after
{Heap after GC invocations=1414 (full 4):
 PSYoungGen      total 3584K, used 384K [0x00000000eab00000, 0x00000000eaf80000, 0x0000000100000000)
  eden space 2560K, 0% used [0x00000000eab00000,0x00000000eab00000,0x00000000ead80000)
  from space 1024K, 37% used [0x00000000ead80000,0x00000000eade0000,0x00000000eae80000)
  to   space 1024K, 0% used [0x00000000eae80000,0x00000000eae80000,0x00000000eaf80000)
 ParOldGen       total 488448K, used 487948K [0x00000000c0000000, 0x00000000ddd00000, 0x00000000eab00000)
  object space 488448K, 99% used [0x00000000c0000000,0x00000000ddc83110,0x00000000ddd00000)
 Metaspace       used 92755K, committed 94528K, reserved 1179648K
  class space    used 10088K, committed 10880K, reserved 1048576K
}
Event: 146020.267 GC heap before
{Heap before GC invocations=1415 (full 4):
 PSYoungGen      total 3584K, used 2943K [0x00000000eab00000, 0x00000000eaf80000, 0x0000000100000000)
  eden space 2560K, 99% used [0x00000000eab00000,0x00000000ead7ffe8,0x00000000ead80000)
  from space 1024K, 37% used [0x00000000ead80000,0x00000000eade0000,0x00000000eae80000)
  to   space 1024K, 0% used [0x00000000eae80000,0x00000000eae80000,0x00000000eaf80000)
 ParOldGen       total 488448K, used 487948K [0x00000000c0000000, 0x00000000ddd00000, 0x00000000eab00000)
  object space 488448K, 99% used [0x00000000c0000000,0x00000000ddc83110,0x00000000ddd00000)
 Metaspace       used 92756K, committed 94528K, reserved 1179648K
  class space    used 10088K, committed 10880K, reserved 1048576K
}
Event: 146020.268 GC heap after
{Heap after GC invocations=1415 (full 4):
 PSYoungGen      total 3072K, used 416K [0x00000000eab00000, 0x00000000eaf00000, 0x0000000100000000)
  eden space 2560K, 0% used [0x00000000eab00000,0x00000000eab00000,0x00000000ead80000)
  from space 512K, 81% used [0x00000000eae80000,0x00000000eaee8000,0x00000000eaf00000)
  to   space 512K, 0% used [0x00000000eae00000,0x00000000eae00000,0x00000000eae80000)
 ParOldGen       total 488448K, used 488036K [0x00000000c0000000, 0x00000000ddd00000, 0x00000000eab00000)
  object space 488448K, 99% used [0x00000000c0000000,0x00000000ddc99110,0x00000000ddd00000)
 Metaspace       used 92756K, committed 94528K, reserved 1179648K
  class space    used 10088K, committed 10880K, reserved 1048576K
}
Event: 146020.272 GC heap before
{Heap before GC invocations=1416 (full 4):
 PSYoungGen      total 3072K, used 2976K [0x00000000eab00000, 0x00000000eaf00000, 0x0000000100000000)
  eden space 2560K, 100% used [0x00000000eab00000,0x00000000ead80000,0x00000000ead80000)
  from space 512K, 81% used [0x00000000eae80000,0x00000000eaee8000,0x00000000eaf00000)
  to   space 512K, 0% used [0x00000000eae00000,0x00000000eae00000,0x00000000eae80000)
 ParOldGen       total 488448K, used 488036K [0x00000000c0000000, 0x00000000ddd00000, 0x00000000eab00000)
  object space 488448K, 99% used [0x00000000c0000000,0x00000000ddc99110,0x00000000ddd00000)
 Metaspace       used 92757K, committed 94528K, reserved 1179648K
  class space    used 10088K, committed 10880K, reserved 1048576K
}
Event: 146020.272 GC heap after
{Heap after GC invocations=1416 (full 4):
 PSYoungGen      total 3072K, used 192K [0x00000000eab00000, 0x00000000eaf00000, 0x0000000100000000)
  eden space 2560K, 0% used [0x00000000eab00000,0x00000000eab00000,0x00000000ead80000)
  from space 512K, 37% used [0x00000000eae00000,0x00000000eae30000,0x00000000eae80000)
  to   space 512K, 0% used [0x00000000eae80000,0x00000000eae80000,0x00000000eaf00000)
 ParOldGen       total 488448K, used 488140K [0x00000000c0000000, 0x00000000ddd00000, 0x00000000eab00000)
  object space 488448K, 99% used [0x00000000c0000000,0x00000000ddcb3110,0x00000000ddd00000)
 Metaspace       used 92757K, committed 94528K, reserved 1179648K
  class space    used 10088K, committed 10880K, reserved 1048576K
}
Event: 146020.277 GC heap before
{Heap before GC invocations=1417 (full 4):
 PSYoungGen      total 3072K, used 2752K [0x00000000eab00000, 0x00000000eaf00000, 0x0000000100000000)
  eden space 2560K, 100% used [0x00000000eab00000,0x00000000ead80000,0x00000000ead80000)
  from space 512K, 37% used [0x00000000eae00000,0x00000000eae30000,0x00000000eae80000)
  to   space 512K, 0% used [0x00000000eae80000,0x00000000eae80000,0x00000000eaf00000)
 ParOldGen       total 488448K, used 488140K [0x00000000c0000000, 0x00000000ddd00000, 0x00000000eab00000)
  object space 488448K, 99% used [0x00000000c0000000,0x00000000ddcb3110,0x00000000ddd00000)
 Metaspace       used 92785K, committed 94528K, reserved 1179648K
  class space    used 10088K, committed 10880K, reserved 1048576K
}
Event: 146020.278 GC heap after
{Heap after GC invocations=1417 (full 4):
 PSYoungGen      total 3072K, used 352K [0x00000000eab00000, 0x00000000eaf00000, 0x0000000100000000)
  eden space 2560K, 0% used [0x00000000eab00000,0x00000000eab00000,0x00000000ead80000)
  from space 512K, 68% used [0x00000000eae80000,0x00000000eaed8000,0x00000000eaf00000)
  to   space 512K, 0% used [0x00000000eae00000,0x00000000eae00000,0x00000000eae80000)
 ParOldGen       total 488448K, used 488244K [0x00000000c0000000, 0x00000000ddd00000, 0x00000000eab00000)
  object space 488448K, 99% used [0x00000000c0000000,0x00000000ddccd110,0x00000000ddd00000)
 Metaspace       used 92785K, committed 94528K, reserved 1179648K
  class space    used 10088K, committed 10880K, reserved 1048576K
}
Event: 146020.515 GC heap before
{Heap before GC invocations=1418 (full 4):
 PSYoungGen      total 3072K, used 2911K [0x00000000eab00000, 0x00000000eaf00000, 0x0000000100000000)
  eden space 2560K, 99% used [0x00000000eab00000,0x00000000ead7fff0,0x00000000ead80000)
  from space 512K, 68% used [0x00000000eae80000,0x00000000eaed8000,0x00000000eaf00000)
  to   space 512K, 0% used [0x00000000eae00000,0x00000000eae00000,0x00000000eae80000)
 ParOldGen       total 488448K, used 488244K [0x00000000c0000000, 0x00000000ddd00000, 0x00000000eab00000)
  object space 488448K, 99% used [0x00000000c0000000,0x00000000ddccd110,0x00000000ddd00000)
 Metaspace       used 92787K, committed 94528K, reserved 1179648K
  class space    used 10088K, committed 10880K, reserved 1048576K
}
Event: 146020.515 GC heap after
{Heap after GC invocations=1418 (full 4):
 PSYoungGen      total 3072K, used 352K [0x00000000eab00000, 0x00000000eaf00000, 0x0000000100000000)
  eden space 2560K, 0% used [0x00000000eab00000,0x00000000eab00000,0x00000000ead80000)
  from space 512K, 68% used [0x00000000eae00000,0x00000000eae58000,0x00000000eae80000)
  to   space 512K, 0% used [0x00000000eae80000,0x00000000eae80000,0x00000000eaf00000)
 ParOldGen       total 488448K, used 488332K [0x00000000c0000000, 0x00000000ddd00000, 0x00000000eab00000)
  object space 488448K, 99% used [0x00000000c0000000,0x00000000ddce3110,0x00000000ddd00000)
 Metaspace       used 92787K, committed 94528K, reserved 1179648K
  class space    used 10088K, committed 10880K, reserved 1048576K
}
Event: 146020.570 GC heap before
{Heap before GC invocations=1419 (full 4):
 PSYoungGen      total 3072K, used 2652K [0x00000000eab00000, 0x00000000eaf00000, 0x0000000100000000)
  eden space 2560K, 89% used [0x00000000eab00000,0x00000000ead3f2c8,0x00000000ead80000)
  from space 512K, 68% used [0x00000000eae00000,0x00000000eae58000,0x00000000eae80000)
  to   space 512K, 0% used [0x00000000eae80000,0x00000000eae80000,0x00000000eaf00000)
 ParOldGen       total 488448K, used 488332K [0x00000000c0000000, 0x00000000ddd00000, 0x00000000eab00000)
  object space 488448K, 99% used [0x00000000c0000000,0x00000000ddce3110,0x00000000ddd00000)
 Metaspace       used 92788K, committed 94528K, reserved 1179648K
  class space    used 10088K, committed 10880K, reserved 1048576K
}
Event: 146020.571 GC heap after
{Heap after GC invocations=1419 (full 4):
 PSYoungGen      total 3072K, used 384K [0x00000000eab00000, 0x00000000eaf00000, 0x0000000100000000)
  eden space 2560K, 0% used [0x00000000eab00000,0x00000000eab00000,0x00000000ead80000)
  from space 512K, 75% used [0x00000000eae80000,0x00000000eaee0000,0x00000000eaf00000)
  to   space 512K, 0% used [0x00000000eae00000,0x00000000eae00000,0x00000000eae80000)
 ParOldGen       total 488960K, used 488668K [0x00000000c0000000, 0x00000000ddd80000, 0x00000000eab00000)
  object space 488960K, 99% used [0x00000000c0000000,0x00000000ddd370f0,0x00000000ddd80000)
 Metaspace       used 92788K, committed 94528K, reserved 1179648K
  class space    used 10088K, committed 10880K, reserved 1048576K
}
Event: 146020.572 GC heap before
{Heap before GC invocations=1420 (full 4):
 PSYoungGen      total 3072K, used 2944K [0x00000000eab00000, 0x00000000eaf00000, 0x0000000100000000)
  eden space 2560K, 100% used [0x00000000eab00000,0x00000000ead80000,0x00000000ead80000)
  from space 512K, 75% used [0x00000000eae80000,0x00000000eaee0000,0x00000000eaf00000)
  to   space 512K, 0% used [0x00000000eae00000,0x00000000eae00000,0x00000000eae80000)
 ParOldGen       total 488960K, used 488668K [0x00000000c0000000, 0x00000000ddd80000, 0x00000000eab00000)
  object space 488960K, 99% used [0x00000000c0000000,0x00000000ddd370f0,0x00000000ddd80000)
 Metaspace       used 92792K, committed 94528K, reserved 1179648K
  class space    used 10088K, committed 10880K, reserved 1048576K
}
Event: 146020.573 GC heap after
{Heap after GC invocations=1420 (full 4):
 PSYoungGen      total 3072K, used 512K [0x00000000eab00000, 0x00000000eb280000, 0x0000000100000000)
  eden space 2560K, 0% used [0x00000000eab00000,0x00000000eab00000,0x00000000ead80000)
  from space 512K, 100% used [0x00000000eae00000,0x00000000eae80000,0x00000000eae80000)
  to   space 2560K, 0% used [0x00000000eb000000,0x00000000eb000000,0x00000000eb280000)
 ParOldGen       total 490496K, used 490359K [0x00000000c0000000, 0x00000000ddf00000, 0x00000000eab00000)
  object space 490496K, 99% used [0x00000000c0000000,0x00000000ddeddcc0,0x00000000ddf00000)
 Metaspace       used 92792K, committed 94528K, reserved 1179648K
  class space    used 10088K, committed 10880K, reserved 1048576K
}
Event: 146020.573 GC heap before
{Heap before GC invocations=1421 (full 4):
 PSYoungGen      total 3072K, used 680K [0x00000000eab00000, 0x00000000eb280000, 0x0000000100000000)
  eden space 2560K, 6% used [0x00000000eab00000,0x00000000eab2a120,0x00000000ead80000)
  from space 512K, 100% used [0x00000000eae00000,0x00000000eae80000,0x00000000eae80000)
  to   space 2560K, 0% used [0x00000000eb000000,0x00000000eb000000,0x00000000eb280000)
 ParOldGen       total 490496K, used 490359K [0x00000000c0000000, 0x00000000ddf00000, 0x00000000eab00000)
  object space 490496K, 99% used [0x00000000c0000000,0x00000000ddeddcc0,0x00000000ddf00000)
 Metaspace       used 92792K, committed 94528K, reserved 1179648K
  class space    used 10088K, committed 10880K, reserved 1048576K
}
Event: 146020.574 GC heap after
{Heap after GC invocations=1421 (full 4):
 PSYoungGen      total 3072K, used 416K [0x00000000eab00000, 0x00000000eb080000, 0x0000000100000000)
  eden space 2560K, 0% used [0x00000000eab00000,0x00000000eab00000,0x00000000ead80000)
  from space 512K, 81% used [0x00000000eb000000,0x00000000eb068000,0x00000000eb080000)
  to   space 1536K, 0% used [0x00000000ead80000,0x00000000ead80000,0x00000000eaf00000)
 ParOldGen       total 491008K, used 490903K [0x00000000c0000000, 0x00000000ddf80000, 0x00000000eab00000)
  object space 491008K, 99% used [0x00000000c0000000,0x00000000ddf65cc0,0x00000000ddf80000)
 Metaspace       used 92792K, committed 94528K, reserved 1179648K
  class space    used 10088K, committed 10880K, reserved 1048576K
}
Event: 146020.574 GC heap before
{Heap before GC invocations=1422 (full 5):
 PSYoungGen      total 3072K, used 416K [0x00000000eab00000, 0x00000000eb080000, 0x0000000100000000)
  eden space 2560K, 0% used [0x00000000eab00000,0x00000000eab00000,0x00000000ead80000)
  from space 512K, 81% used [0x00000000eb000000,0x00000000eb068000,0x00000000eb080000)
  to   space 1536K, 0% used [0x00000000ead80000,0x00000000ead80000,0x00000000eaf00000)
 ParOldGen       total 491008K, used 490903K [0x00000000c0000000, 0x00000000ddf80000, 0x00000000eab00000)
  object space 491008K, 99% used [0x00000000c0000000,0x00000000ddf65cc0,0x00000000ddf80000)
 Metaspace       used 92792K, committed 94528K, reserved 1179648K
  class space    used 10088K, committed 10880K, reserved 1048576K
}

